<?xml version="1.0" encoding="UTF-8"?>
<!-- Generated by org.testng.reporters.JUnitReportReporter -->
<testsuite hostname="LAPTOP-205TT8KS" name="com.qa.test.PostApitest" tests="1" failures="0" timestamp="25 Apr 2020 13:03:25 GMT" time="2.674" errors="0">
  <testcase name="postapitest" time="2.674" classname="com.qa.test.PostApitest"/>
</testsuite> <!-- com.qa.test.PostApitest -->
