<?xml version="1.0" encoding="UTF-8"?>
<!-- Generated by org.testng.reporters.JUnitReportReporter -->
<testsuite hostname="LAPTOP-205TT8KS" name="com.qa.test.GetApiTest" tests="2" failures="0" timestamp="24 Apr 2020 11:04:30 GMT" time="2.277" errors="0">
  <testcase name="getapitestwithheaders" time="0.746" classname="com.qa.test.GetApiTest"/>
  <testcase name="getapitest" time="1.531" classname="com.qa.test.GetApiTest"/>
</testsuite> <!-- com.qa.test.GetApiTest -->
